c:\users\student\documents\visual studio 2015\projects\プログラム制作演習\editmap\debug\vc140.pdb
c:\users\student\documents\visual studio 2015\projects\プログラム制作演習\editmap\debug\vc140.idb
c:\users\student\documents\visual studio 2015\projects\プログラム制作演習\editmap\debug\main.obj
c:\users\student\documents\visual studio 2015\projects\プログラム制作演習\editmap\debug\model.obj
c:\users\student\documents\visual studio 2015\projects\プログラム制作演習\editmap\debug\manager.obj
c:\users\student\documents\visual studio 2015\projects\プログラム制作演習\editmap\debug\objectx.obj
c:\users\student\documents\visual studio 2015\projects\プログラム制作演習\editmap\debug\debugproc.obj
c:\users\student\documents\visual studio 2015\projects\プログラム制作演習\editmap\debug\input.obj
c:\users\student\documents\visual studio 2015\projects\プログラム制作演習\editmap\debug\light.obj
c:\users\student\documents\visual studio 2015\projects\プログラム制作演習\editmap\debug\object.obj
c:\users\student\documents\visual studio 2015\projects\プログラム制作演習\editmap\debug\renderer.obj
c:\users\student\documents\visual studio 2015\projects\プログラム制作演習\editmap\debug\camera.obj
c:\users\student\documents\visual studio 2015\projects\プログラム制作演習\editmap\debug\object3d.obj
c:\users\student\documents\visual studio 2015\projects\プログラム制作演習\editmap\debug\texture.obj
c:\users\student\documents\visual studio 2015\projects\プログラム制作演習\editmap\debug\field.obj
c:\users\student\documents\visual studio 2015\projects\プログラム制作演習\editmap\debug\edit.obj
c:\users\student\documents\visual studio 2015\projects\プログラム制作演習\editmap\debug\modelhierarchy.obj
c:\users\student\documents\visual studio 2015\projects\プログラム制作演習\editmap\debug\motion.obj
c:\users\student\documents\visual studio 2015\projects\プログラム制作演習\editmap\debug\playermodel.obj
c:\users\student\documents\visual studio 2015\projects\プログラム制作演習\editmap\debug\material.obj
c:\users\student\desktop\act\actre\editmap\debug\vc140.pdb
c:\users\student\desktop\act\actre\editmap\debug\vc140.idb
c:\users\student\desktop\act\actre\editmap\debug\camera.obj
c:\users\student\desktop\act\actre\editmap\debug\debugproc.obj
c:\users\student\desktop\act\actre\editmap\debug\edit.obj
c:\users\student\desktop\act\actre\editmap\debug\field.obj
c:\users\student\desktop\act\actre\editmap\debug\input.obj
c:\users\student\desktop\act\actre\editmap\debug\light.obj
c:\users\student\desktop\act\actre\editmap\debug\main.obj
c:\users\student\desktop\act\actre\editmap\debug\manager.obj
c:\users\student\desktop\act\actre\editmap\debug\material.obj
c:\users\student\desktop\act\actre\editmap\debug\model.obj
c:\users\student\desktop\act\actre\editmap\debug\modelhierarchy.obj
c:\users\student\desktop\act\actre\editmap\debug\motion.obj
c:\users\student\desktop\act\actre\editmap\debug\object.obj
c:\users\student\desktop\act\actre\editmap\debug\object3d.obj
c:\users\student\desktop\act\actre\editmap\debug\objectx.obj
c:\users\student\desktop\act\actre\editmap\debug\playermodel.obj
c:\users\student\desktop\act\actre\editmap\debug\renderer.obj
c:\users\student\desktop\act\actre\editmap\debug\texture.obj
c:\users\student\documents\visual studio 2015\projects\プログラム制作演習\editmap\debug\editmap.ilk
c:\users\student\documents\visual studio 2015\projects\プログラム制作演習\editmap\debug\editmap.exe
c:\users\student\documents\visual studio 2015\projects\プログラム制作演習\editmap\debug\editmap.pdb
c:\users\student\desktop\act\actre\editmap\debug\editmap.ilk
c:\users\student\desktop\act\actre\editmap\debug\editmap.exe
c:\users\student\desktop\act\actre\editmap\debug\editmap.pdb
c:\users\student\desktop\act\actre\editmap\debug\edit.obj.enc
c:\users\student\desktop\act\actre\editmap\debug\editmap.tlog\cl.command.1.tlog
c:\users\student\desktop\act\actre\editmap\debug\editmap.tlog\cl.read.1.tlog
c:\users\student\desktop\act\actre\editmap\debug\editmap.tlog\cl.write.1.tlog
c:\users\student\desktop\act\actre\editmap\debug\editmap.tlog\link.command.1.tlog
c:\users\student\desktop\act\actre\editmap\debug\editmap.tlog\link.read.1.tlog
c:\users\student\desktop\act\actre\editmap\debug\editmap.tlog\link.write.1.tlog
