c:\users\student\desktop\act\actre\actgame000\debug\actgame000.pch
c:\users\student\desktop\act\actre\actgame000\debug\vc140.pdb
c:\users\student\desktop\act\actre\actgame000\debug\vc140.idb
c:\users\student\desktop\act\actre\actgame000\debug\precompile.obj
c:\users\student\desktop\act\actre\actgame000\debug\number.obj
c:\users\student\desktop\act\actre\actgame000\debug\object.obj
c:\users\student\desktop\act\actre\actgame000\debug\object2d.obj
c:\users\student\desktop\act\actre\actgame000\debug\object3d.obj
c:\users\student\desktop\act\actre\actgame000\debug\objectx.obj
c:\users\student\desktop\act\actre\actgame000\debug\pause.obj
c:\users\student\desktop\act\actre\actgame000\debug\player.obj
c:\users\student\desktop\act\actre\actgame000\debug\ranking.obj
c:\users\student\desktop\act\actre\actgame000\debug\renderer.obj
c:\users\student\desktop\act\actre\actgame000\debug\result.obj
c:\users\student\desktop\act\actre\actgame000\debug\scene.obj
c:\users\student\desktop\act\actre\actgame000\debug\score.obj
c:\users\student\desktop\act\actre\actgame000\debug\sound.obj
c:\users\student\desktop\act\actre\actgame000\debug\texture.obj
c:\users\student\desktop\act\actre\actgame000\debug\title.obj
c:\users\student\desktop\act\actre\actgame000\debug\titletexture.obj
c:\users\student\desktop\act\actre\actgame000\debug\tutorial.obj
c:\users\student\desktop\act\actre\actgame000\debug\ui_death.obj
c:\users\student\desktop\act\actre\actgame000\debug\ui_item.obj
c:\users\student\desktop\act\actre\actgame000\debug\wall.obj
c:\users\student\desktop\act\actre\actgame000\debug\bg.obj
c:\users\student\desktop\act\actre\actgame000\debug\billboard.obj
c:\users\student\desktop\act\actre\actgame000\debug\camera.obj
c:\users\student\desktop\act\actre\actgame000\debug\debugproc.obj
c:\users\student\desktop\act\actre\actgame000\debug\edit.obj
c:\users\student\desktop\act\actre\actgame000\debug\enemy.obj
c:\users\student\desktop\act\actre\actgame000\debug\fade.obj
c:\users\student\desktop\act\actre\actgame000\debug\game.obj
c:\users\student\desktop\act\actre\actgame000\debug\input.obj
c:\users\student\desktop\act\actre\actgame000\debug\item.obj
c:\users\student\desktop\act\actre\actgame000\debug\light.obj
c:\users\student\desktop\act\actre\actgame000\debug\main.obj
c:\users\student\desktop\act\actre\actgame000\debug\manager.obj
c:\users\student\desktop\act\actre\actgame000\debug\material.obj
c:\users\student\desktop\act\actre\actgame000\debug\model.obj
c:\users\student\desktop\act\actre\actgame000\debug\modelhierarchy.obj
c:\users\student\desktop\act\actre\actgame000\debug\motion.obj
c:\users\student\desktop\act\actre\actgame000\debug\effect.obj
c:\users\student\desktop\act\actre\actgame000\debug\actgame000.ilk
c:\users\student\desktop\act\actre\actgame000\debug\actgame000.exe
c:\users\student\desktop\act\actre\actgame000\debug\actgame000.pdb
c:\users\student\desktop\act\actre\actgame000\debug\actgame000.tlog\cl.command.1.tlog
c:\users\student\desktop\act\actre\actgame000\debug\actgame000.tlog\cl.read.1.tlog
c:\users\student\desktop\act\actre\actgame000\debug\actgame000.tlog\cl.write.1.tlog
c:\users\student\desktop\act\actre\actgame000\debug\actgame000.tlog\link.command.1.tlog
c:\users\student\desktop\act\actre\actgame000\debug\actgame000.tlog\link.read.1.tlog
c:\users\student\desktop\act\actre\actgame000\debug\actgame000.tlog\link.write.1.tlog
