  bg.cpp
  billboard.cpp
  camera.cpp
  debugproc.cpp
  edit.cpp
  enemy.cpp
  fade.cpp
  game.cpp
  item.cpp
  light.cpp
  main.cpp
  manager.cpp
  material.cpp
  model.cpp
  modelHierarchy.cpp
  motion.cpp
  number.cpp
  object.cpp
  object2D.cpp
  object3D.cpp
  コンパイル中...
  objectX.cpp
  player.cpp
  ranking.cpp
  renderer.cpp
  result.cpp
  scene.cpp
  score.cpp
  texture.cpp
  title.cpp
  tutorial.cpp
  wall.cpp
  コード生成しています。
  20 of 404 functions ( 5.0%) were compiled, the rest were copied from previous compilation.
    1 functions were new in current compilation
    4 functions had inline decision re-evaluated but remain unchanged
  コード生成が終了しました。
  actgame000.vcxproj -> C:\Users\student\Desktop\act\actRe\actgame000\actgame000.exe
  actgame000.vcxproj -> C:\Users\student\Desktop\act\actRe\actgame000\actgame000.pdb (Full PDB)
